<?xml version="1.0" encoding="UTF-8"?>
<testng-results skipped="0" failed="1" total="2" passed="1">
  <reporter-output>
  </reporter-output>
  <suite name="Suite1" duration-ms="445175" started-at="2017-01-11T15:21:26Z" finished-at="2017-01-11T15:28:51Z">
    <groups>
    </groups>
    <test name="ChromeTest" duration-ms="423066" started-at="2017-01-11T15:21:48Z" finished-at="2017-01-11T15:28:51Z">
      <class name="com.sample.WordPressLogin">
        <test-method status="PASS" signature="launchBrowser(java.lang.String)[pri:0, instance:com.sample.WordPressLogin@724af044]" name="launchBrowser" is-config="true" duration-ms="3072" started-at="2017-01-11T15:21:48Z" finished-at="2017-01-11T15:21:51Z">
          <params>
            <param index="0">
              <value>
                <![CDATA[chrome]]>
              </value>
            </param>
          </params>
        </test-method>
        <test-method status="FAIL" signature="wordPressLogin(java.lang.String, java.lang.String)[pri:0, instance:com.sample.WordPressLogin@724af044]" name="wordPressLogin" duration-ms="419160" started-at="2017-01-11T15:21:51Z" finished-at="2017-01-11T15:28:50Z">
          <params>
            <param index="0">
              <value>
                <![CDATA[devendraa18]]>
              </value>
            </param>
            <param index="1">
              <value>
                <![CDATA[devendra@9099]]>
              </value>
            </param>
          </params>
          <exception class="org.openqa.selenium.TimeoutException">
            <message>
              <![CDATA[timeout: cannot determine loading status
from timeout: Timed out receiving message from renderer: -0.027
  (Session info: chrome=55.0.2883.87)
  (Driver info: chromedriver=2.27.440174 (e97a722caafc2d3a8b807ee115bfb307f7d2cfd9),platform=Windows NT 10.0.10586 x86_64) (WARNING: The server did not provide any stacktrace information)
Command duration or timeout: 300.07 seconds
Build info: version: '3.0.1', revision: '1969d75', time: '2016-10-18 09:49:13 -0700'
System info: host: 'XIPL0476', ip: '172.26.21.51', os.name: 'Windows 10', os.arch: 'amd64', os.version: '10.0', java.version: '1.8.0_91'
Driver info: org.openqa.selenium.chrome.ChromeDriver
Capabilities [{applicationCacheEnabled=false, rotatable=false, mobileEmulationEnabled=false, networkConnectionEnabled=false, chrome={chromedriverVersion=2.27.440174 (e97a722caafc2d3a8b807ee115bfb307f7d2cfd9), userDataDir=C:\Users\DEVEND~1\AppData\Local\Temp\scoped_dir9780_9857}, takesHeapSnapshot=true, pageLoadStrategy=normal, databaseEnabled=false, handlesAlerts=true, hasTouchScreen=false, version=55.0.2883.87, platform=XP, browserConnectionEnabled=false, nativeEvents=true, acceptSslCerts=true, locationContextEnabled=true, webStorageEnabled=true, browserName=chrome, takesScreenshot=true, javascriptEnabled=true, cssSelectorsEnabled=true, unexpectedAlertBehaviour=}]
Session ID: fa21d4eb96f4e8be144ae4bba5aa6960]]>
            </message>
            <full-stacktrace>
              <![CDATA[org.openqa.selenium.TimeoutException: timeout: cannot determine loading status
from timeout: Timed out receiving message from renderer: -0.027
  (Session info: chrome=55.0.2883.87)
  (Driver info: chromedriver=2.27.440174 (e97a722caafc2d3a8b807ee115bfb307f7d2cfd9),platform=Windows NT 10.0.10586 x86_64) (WARNING: The server did not provide any stacktrace information)
Command duration or timeout: 300.07 seconds
Build info: version: '3.0.1', revision: '1969d75', time: '2016-10-18 09:49:13 -0700'
System info: host: 'XIPL0476', ip: '172.26.21.51', os.name: 'Windows 10', os.arch: 'amd64', os.version: '10.0', java.version: '1.8.0_91'
Driver info: org.openqa.selenium.chrome.ChromeDriver
Capabilities [{applicationCacheEnabled=false, rotatable=false, mobileEmulationEnabled=false, networkConnectionEnabled=false, chrome={chromedriverVersion=2.27.440174 (e97a722caafc2d3a8b807ee115bfb307f7d2cfd9), userDataDir=C:\Users\DEVEND~1\AppData\Local\Temp\scoped_dir9780_9857}, takesHeapSnapshot=true, pageLoadStrategy=normal, databaseEnabled=false, handlesAlerts=true, hasTouchScreen=false, version=55.0.2883.87, platform=XP, browserConnectionEnabled=false, nativeEvents=true, acceptSslCerts=true, locationContextEnabled=true, webStorageEnabled=true, browserName=chrome, takesScreenshot=true, javascriptEnabled=true, cssSelectorsEnabled=true, unexpectedAlertBehaviour=}]
Session ID: fa21d4eb96f4e8be144ae4bba5aa6960
	at sun.reflect.NativeConstructorAccessorImpl.newInstance0(Native Method)
	at sun.reflect.NativeConstructorAccessorImpl.newInstance(NativeConstructorAccessorImpl.java:62)
	at sun.reflect.DelegatingConstructorAccessorImpl.newInstance(DelegatingConstructorAccessorImpl.java:45)
	at java.lang.reflect.Constructor.newInstance(Constructor.java:423)
	at org.openqa.selenium.remote.ErrorHandler.createThrowable(ErrorHandler.java:216)
	at org.openqa.selenium.remote.ErrorHandler.throwIfResponseFailed(ErrorHandler.java:168)
	at org.openqa.selenium.remote.RemoteWebDriver.execute(RemoteWebDriver.java:635)
	at org.openqa.selenium.remote.RemoteWebElement.execute(RemoteWebElement.java:274)
	at org.openqa.selenium.remote.RemoteWebElement.click(RemoteWebElement.java:84)
	at com.sample.WordPressLogin.wordPressLogin(WordPressLogin.java:37)
	at sun.reflect.NativeMethodAccessorImpl.invoke0(Native Method)
	at sun.reflect.NativeMethodAccessorImpl.invoke(NativeMethodAccessorImpl.java:62)
	at sun.reflect.DelegatingMethodAccessorImpl.invoke(DelegatingMethodAccessorImpl.java:43)
	at java.lang.reflect.Method.invoke(Method.java:498)
	at org.testng.internal.MethodInvocationHelper.invokeMethod(MethodInvocationHelper.java:80)
	at org.testng.internal.Invoker.invokeMethod(Invoker.java:691)
	at org.testng.internal.Invoker.invokeTestMethod(Invoker.java:883)
	at org.testng.internal.Invoker.invokeTestMethods(Invoker.java:1208)
	at org.testng.internal.TestMethodWorker.invokeTestMethods(TestMethodWorker.java:127)
	at org.testng.internal.TestMethodWorker.run(TestMethodWorker.java:111)
	at org.testng.TestRunner.privateRun(TestRunner.java:758)
	at org.testng.TestRunner.run(TestRunner.java:613)
	at org.testng.SuiteRunner.runTest(SuiteRunner.java:334)
	at org.testng.SuiteRunner.runSequentially(SuiteRunner.java:329)
	at org.testng.SuiteRunner.privateRun(SuiteRunner.java:291)
	at org.testng.SuiteRunner.run(SuiteRunner.java:240)
	at org.testng.SuiteRunnerWorker.runSuite(SuiteRunnerWorker.java:53)
	at org.testng.SuiteRunnerWorker.run(SuiteRunnerWorker.java:87)
	at org.testng.TestNG.runSuitesSequentially(TestNG.java:1137)
	at org.testng.TestNG.runSuitesLocally(TestNG.java:1062)
	at org.testng.TestNG.run(TestNG.java:974)
	at org.testng.remote.AbstractRemoteTestNG.run(AbstractRemoteTestNG.java:132)
	at org.testng.remote.RemoteTestNG.initAndRun(RemoteTestNG.java:236)
	at org.testng.remote.RemoteTestNG.main(RemoteTestNG.java:81)
]]>
            </full-stacktrace>
          </exception>
        </test-method>
        <test-method status="PASS" signature="tearDown()[pri:0, instance:com.sample.WordPressLogin@724af044]" name="tearDown" is-config="true" duration-ms="826" started-at="2017-01-11T15:28:50Z" finished-at="2017-01-11T15:28:51Z">
        </test-method>
      </class>
    </test>
    <test name="FirefoxTest" duration-ms="22075" started-at="2017-01-11T15:21:26Z" finished-at="2017-01-11T15:21:48Z">
      <class name="com.sample.WordPressLogin">
        <test-method status="PASS" signature="launchBrowser(java.lang.String)[pri:0, instance:com.sample.WordPressLogin@d2cc05a]" name="launchBrowser" is-config="true" duration-ms="3850" started-at="2017-01-11T15:21:26Z" finished-at="2017-01-11T15:21:30Z">
          <params>
            <param index="0">
              <value>
                <![CDATA[firefox]]>
              </value>
            </param>
          </params>
        </test-method>
        <test-method status="PASS" signature="wordPressLogin(java.lang.String, java.lang.String)[pri:0, instance:com.sample.WordPressLogin@d2cc05a]" name="wordPressLogin" duration-ms="16767" started-at="2017-01-11T15:21:30Z" finished-at="2017-01-11T15:21:46Z">
          <params>
            <param index="0">
              <value>
                <![CDATA[devendraa18]]>
              </value>
            </param>
            <param index="1">
              <value>
                <![CDATA[devendra@9099]]>
              </value>
            </param>
          </params>
        </test-method>
        <test-method status="PASS" signature="tearDown()[pri:0, instance:com.sample.WordPressLogin@d2cc05a]" name="tearDown" is-config="true" duration-ms="1435" started-at="2017-01-11T15:21:46Z" finished-at="2017-01-11T15:21:48Z">
        </test-method>
      </class>
    </test>
  </suite>
</testng-results>
